Arguments: 
  C:\Program Files (x86)\nodejs\node.exe C:\Users\mateu\AppData\Roaming\npm\node_modules\yarn\bin\yarn.js init py

PATH: 
  C:\Program Files\PowerShell\7;C:\Program Files\AdoptOpenJDK\jdk-11.0.10.9-hotspot\bin;C:\Program Files\Common Files\Oracle\Java\javapath;C:\Program Files (x86)\codeEngine\Python38\Scripts\;C:\Program Files (x86)\codeEngine\Python38\;C:\Python38\Scripts\;C:\Python38\;C:\Windows\system32;C:\Windows;C:\Windows\System32\Wbem;C:\Windows\System32\WindowsPowerShell\v1.0\;C:\Windows\System32\OpenSSH\;C:\ProgramData\chocolatey\bin;C:\Program Files\dotnet\;C:\Program Files\Microsoft SQL Server\130\Tools\Binn\;C:\Users\mateu\.m2\apache-maven-3.6.3;C:\Users\mateu\.m2\apache-maven-3.6.3\bin;C:\Program Files\NVIDIA Corporation\NVIDIA NvDLISR;C:\Program Files (x86)\NVIDIA Corporation\PhysX\Common;C:\MinGW\bin;C:\Program Files\erl10.3\bin;C:\Program Files (x86)\Elixir\bin;C:\Users\mateu\.mix\escripts;C:\ProgramData\chocolatey\lib\Elixir/bin;C:\Program Files\Git\cmd;C:\php;C:\Program Files (x86)\nodejs\;C:\Program Files\Google\Chrome\Application;C:\Program Files\PowerShell\7\;C:\Program Files\Docker\Docker\resources\bin;C:\ProgramData\DockerDesktop\version-bin;C:\Users\mateu\.cargo\bin;C:\Users\mateu\AppData\Local\Microsoft\WindowsApps;C:\Program Files\codeEngine\deno\bin;C:\tools\Cmder;C:\Users\mateu\.dotnet\tools;C:\Users\mateu\Downloads\openjdk-11+28_windows-x64_bin\jdk-11;C:\Program Files (x86)\GitHub CLI\;C:\Users\mateu\AppData\Local\Programs\Microsoft VS Code\bin;C:\Users\mateu\.cargo\bin;C:\Users\mateu\AppData\Roaming\Python\Python38\Scripts;C:\Program Files\lua-5.3.6_Win32_bin;C:\MinGW\bin;C:\Program Files\heroku\bin;C:\Users\mateu\.deno\bin;C:\php\;C:\Users\mateu\AppData\Roaming\npm;C:\Program Files\Google\Chrome\Application;C:\Users\mateu\AppData\Roaming\cabal\bin;C:\tools\ghc-9.0.1\bin;C:\tools\msys64;C:\Users\mateu\.dotnet\tools

Yarn version: 
  1.22.5

Node version: 
  14.17.0

Platform: 
  win32 ia32

Trace: 
  Error: canceled
      at Interface.<anonymous> (C:\Users\mateu\AppData\Roaming\npm\node_modules\yarn\lib\cli.js:136216:13)
      at Interface.emit (events.js:376:20)
      at Interface._ttyWrite (readline.js:880:16)
      at ReadStream.onkeypress (readline.js:213:10)
      at ReadStream.emit (events.js:376:20)
      at emitKeys (internal/readline/utils.js:345:14)
      at emitKeys.next (<anonymous>)
      at ReadStream.onData (readline.js:1149:36)
      at ReadStream.emit (events.js:376:20)
      at addChunk (internal/streams/readable.js:309:12)

npm manifest: 
  No manifest

yarn manifest: 
  No manifest

Lockfile: 
  No lockfile
